20/10/28 16:52:23 : Connect timed out.
20/10/28 16:52:48 : Connect timed out.
20/10/28 16:53:07 : Connect timed out.
20/10/28 16:53:33 : Connect timed out.
20/10/28 16:53:55 : Connect timed out.
20/10/28 17:16:55 : Socket Error # 11002<EOL>
20/12/18 01:45:32 : Username and Password not accepted. Learn more at<EOL> https://support.google.com/mail/?p=BadCredentials z64sm9982770wme.10 - gsmtp<EOL>
20/12/18 01:45:43 : Username and Password not accepted. Learn more at<EOL> https://support.google.com/mail/?p=BadCredentials v7sm10491434wma.26 - gsmtp<EOL>
20/12/18 01:46:00 : Username and Password not accepted. Learn more at<EOL> https://support.google.com/mail/?p=BadCredentials b127sm6538377wmc.45 - gsmtp<EOL>
20/12/18 01:49:12 : Username and Password not accepted. Learn more at<EOL> https://support.google.com/mail/?p=BadCredentials x17sm11501770wro.40 - gsmtp<EOL>
20/12/18 01:50:34 : Username and Password not accepted. Learn more at<EOL> https://support.google.com/mail/?p=BadCredentials c4sm12319628wrw.72 - gsmtp<EOL>
20/12/18 01:50:53 : Username and Password not accepted. Learn more at<EOL> https://support.google.com/mail/?p=BadCredentials l8sm10501942wmf.35 - gsmtp<EOL>
20/12/18 01:51:02 : Username and Password not accepted. Learn more at<EOL> https://support.google.com/mail/?p=BadCredentials y2sm8815032wma.6 - gsmtp<EOL>
20/12/18 01:51:31 : Username and Password not accepted. Learn more at<EOL> https://support.google.com/mail/?p=BadCredentials j10sm11380491wmj.7 - gsmtp<EOL>
20/12/18 01:51:46 : Username and Password not accepted. Learn more at<EOL> https://support.google.com/mail/?p=BadCredentials j9sm11464407wrm.14 - gsmtp<EOL>
20/12/18 02:08:08 : Username and Password not accepted. Learn more at<EOL> https://support.google.com/mail/?p=BadCredentials z64sm10020505wme.10 - gsmtp<EOL>
20/12/18 02:10:15 : Username and Password not accepted. Learn more at<EOL> https://support.google.com/mail/?p=BadCredentials i11sm9817948wmd.47 - gsmtp<EOL>
20/12/18 02:17:17 : Username and Password not accepted. Learn more at<EOL> https://support.google.com/mail/?p=BadCredentials v125sm10052806wme.42 - gsmtp<EOL>
20/12/18 02:21:37 : Username and Password not accepted. Learn more at<EOL> https://support.google.com/mail/?p=BadCredentials b7sm5691476wru.33 - gsmtp<EOL>
20/12/18 02:21:45 : Username and Password not accepted. Learn more at<EOL> https://support.google.com/mail/?p=BadCredentials w8sm11374695wrl.91 - gsmtp<EOL>
20/12/18 02:23:48 : Username and Password not accepted. Learn more at<EOL> https://support.google.com/mail/?p=BadCredentials h29sm12013325wrc.68 - gsmtp<EOL>
20/12/18 02:25:33 : Username and Password not accepted. Learn more at<EOL> https://support.google.com/mail/?p=BadCredentials u13sm11542375wrw.11 - gsmtp<EOL>
20/12/18 02:47:39 : Username and Password not accepted. Learn more at<EOL> https://support.google.com/mail/?p=BadCredentials q1sm11147511wrj.8 - gsmtp<EOL>
20/12/18 02:59:56 : Username and Password not accepted. Learn more at<EOL> https://support.google.com/mail/?p=BadCredentials a12sm12864935wrh.71 - gsmtp<EOL>
20/12/18 03:00:21 : Username and Password not accepted. Learn more at<EOL> https://support.google.com/mail/?p=BadCredentials m17sm12869844wrn.0 - gsmtp<EOL>
20/12/18 03:01:16 : Username and Password not accepted. Learn more at<EOL> https://support.google.com/mail/?p=BadCredentials h20sm11934410wrb.21 - gsmtp<EOL>
20/12/18 03:07:07 : Username and Password not accepted. Learn more at<EOL> https://support.google.com/mail/?p=BadCredentials i18sm11628024wrp.74 - gsmtp<EOL>
20/12/18 03:09:29 : Username and Password not accepted. Learn more at<EOL> https://support.google.com/mail/?p=BadCredentials r7sm6099053wmh.2 - gsmtp<EOL>
20/12/18 03:12:13 : Username and Password not accepted. Learn more at<EOL> https://support.google.com/mail/?p=BadCredentials 138sm11147161wma.41 - gsmtp<EOL>
20/12/18 03:16:58 : Username and Password not accepted. Learn more at<EOL> https://support.google.com/mail/?p=BadCredentials k10sm10826331wrq.38 - gsmtp<EOL>
20/12/18 03:22:06 : Username and Password not accepted. Learn more at<EOL> https://support.google.com/mail/?p=BadCredentials m17sm12922933wrn.0 - gsmtp<EOL>
20/12/18 04:02:14 : Username and Password not accepted. Learn more at<EOL> https://support.google.com/mail/?p=BadCredentials j59sm12270801wrj.13 - gsmtp<EOL>
20/12/18 04:02:30 : Username and Password not accepted. Learn more at<EOL> https://support.google.com/mail/?p=BadCredentials l5sm11918061wrv.44 - gsmtp<EOL>
20/12/18 04:02:32 : Username and Password not accepted. Learn more at<EOL> https://support.google.com/mail/?p=BadCredentials q15sm10625250wrw.75 - gsmtp<EOL>
20/12/18 04:03:28 : Username and Password not accepted. Learn more at<EOL> https://support.google.com/mail/?p=BadCredentials g5sm10495835wro.60 - gsmtp<EOL>
20/12/18 04:06:32 : Username and Password not accepted. Learn more at<EOL> https://support.google.com/mail/?p=BadCredentials 94sm12463215wrq.22 - gsmtp<EOL>
20/12/18 04:09:57 : Username and Password not accepted. Learn more at<EOL> https://support.google.com/mail/?p=BadCredentials e17sm11410184wrw.84 - gsmtp<EOL>
20/12/18 04:11:47 : Username and Password not accepted. Learn more at<EOL> https://support.google.com/mail/?p=BadCredentials u7sm9340140wmu.47 - gsmtp<EOL>
20/12/18 04:12:31 : Username and Password not accepted. Learn more at<EOL> https://support.google.com/mail/?p=BadCredentials z6sm12124171wrw.58 - gsmtp<EOL>
20/12/18 04:18:03 : Username and Password not accepted. Learn more at<EOL> https://support.google.com/mail/?p=BadCredentials 34sm11390033wrh.78 - gsmtp<EOL>
20/12/18 04:19:57 : Username and Password not accepted. Learn more at<EOL> https://support.google.com/mail/?p=BadCredentials f77sm9071962wmf.42 - gsmtp<EOL>
20/12/18 04:21:26 : Username and Password not accepted. Learn more at<EOL> https://support.google.com/mail/?p=BadCredentials b127sm6821187wmc.45 - gsmtp<EOL>
20/12/18 04:32:45 : Username and Password not accepted. Learn more at<EOL> https://support.google.com/mail/?p=BadCredentials 34sm11431538wrh.78 - gsmtp<EOL>
21/04/28 10:41:58 : Socket Error # 11001<EOL>Host not found.
21/04/28 10:44:37 : Username and Password not accepted. Learn more at<EOL> https://support.google.com/mail/?p=BadCredentials q6sm1661447ejt.51 - gsmtp<EOL>
21/05/05 15:26:31 : Connect timed out.
21/05/05 15:26:44 : Connect timed out.
21/06/04 22:08:10 : Username and Password not accepted. Learn more at<EOL> https://support.google.com/mail/?p=BadCredentials 6sm6839870wmg.17 - gsmtp<EOL>
21/06/04 22:09:54 : Username and Password not accepted. Learn more at<EOL> https://support.google.com/mail/?p=BadCredentials k82sm10083341wmf.11 - gsmtp<EOL>
21/06/04 22:13:08 : Username and Password not accepted. Learn more at<EOL> https://support.google.com/mail/?p=BadCredentials o129sm9780673wmo.22 - gsmtp<EOL>
21/06/04 22:13:15 : Username and Password not accepted. Learn more at<EOL> https://support.google.com/mail/?p=BadCredentials p187sm6926778wmp.28 - gsmtp<EOL>
21/06/04 22:16:54 : Username and Password not accepted. Learn more at<EOL> https://support.google.com/mail/?p=BadCredentials p6sm8018162wrf.51 - gsmtp<EOL>
21/06/04 22:19:08 : Username and Password not accepted. Learn more at<EOL> https://support.google.com/mail/?p=BadCredentials m22sm1718133wmq.21 - gsmtp<EOL>
21/06/04 22:23:07 : Username and Password not accepted. Learn more at<EOL> https://support.google.com/mail/?p=BadCredentials n10sm9200972wre.95 - gsmtp<EOL>
